<?xml version="1.0" encoding="UTF-8"?>
<testsuite name="simulator.model.KinematicsTest" tests="4" skipped="0" failures="0" errors="0" timestamp="2026-06-07T01:55:36" hostname="SUPER" time="0.064">
  <properties/>
  <testcase name="pureForward_AllWheelsEqualAndPositive()" classname="simulator.model.KinematicsTest" time="0.043"/>
  <testcase name="pureRotation_LeftAndRightOppositeDirection()" classname="simulator.model.KinematicsTest" time="0.002"/>
  <testcase name="forwardKinematics_RoundTrip_PureRotation()" classname="simulator.model.KinematicsTest" time="0.002"/>
  <testcase name="forwardKinematics_RoundTrip_PureForward()" classname="simulator.model.KinematicsTest" time="0.004"/>
  <system-out><![CDATA[]]></system-out>
  <system-err><![CDATA[]]></system-err>
</testsuite>
